BEGIN BLOCK
BEGIN HEADER
Hash of previous header: 0
Merkle root: edfbd451f9929b49ee03fbbf5473d3abfc363de30f603b559d4657417c9003bb
Timestamp: 1760577191
Difficulty target: 7fffffffffffffffffffffffffffffffffffffffffffffffffffffffffffffff
Nonce: 100265075880653192449541010953022980062877423870567197064321858765267732388888
END HEADER
0721ec0775a4185ada61ce2329dc943a36de762c 655931
074bad4e1d1b0166b2a1961cf95c4fcff0befb80 6945486
14d056a201bacd0285374b1e45278fbd9c0089fd 2533695
1cbad0c5dc235f3676e04f2a93816d2c929f0613 5352263
2a549a4434f773cc31aedaac0123bd703abe3711 5080824
31836cd909f64e5958286b5b53c8acfbc9a4b775 2384325
3e1de93498ce424f24c2df7d201875dd81d1c597 2848924
41dfcd9c0c77413d97f0019f33aef21c8d081334 8570866
422c5a95d298dfe2161ab84764a69947d331a151 3132953
44f45b6c2d7dfea439c800f24903709d84f52237 5926199
450ef05525ae9359bfba5dd70032f359c08d88ae 6991051
5473be21daf543de6229e069da90fc9ab4877b23 6839472
5e030dfe0fd8ae2bbbddd0928e93416ecdc8e5ec 5185453
620efb24dff7e049a313f090af950ba4b274d3e4 559703
643139a099e345088b09c49f2205a48918a44f0d 3244894
6607d4ce7d6a5696ba018d2db354b5419301b047 889045
6d4b4aa80161b71f3e748c14945856f2e3788ec8 3033452
6f51391ec5708bb4f7ef0526274ac7f80a22ed3e 1034183
72747ad87f12eecd4275ae49494f7fbf6bf855eb 5452139
7fe05120b60e2bba649fe27ff5712c6f33e4427d 6742598
8eac0d71316369280eaa27e56f9c11b9cd5dc3eb 6008126
91fc3efe807b7b6ffa714d6166a977c1a4605889 5155582
944260b3486022370cd562c1ba584b3d2c4b4ff2 322007
9570e1103cdc1b56552db5479f7a5d1a5a492983 7218663
a2c085f07a95c010683cbaee1802c5c9bf9065e1 4336928
a47b7dc3d9c3e8ac1cb6ee7bd9d1fbf5bc412b9c 1266309
af3430888f70ea57e6d0bcb7654ca5f1ca3e3390 6732487
bf082d3eede41e11a8f347a74ae0f619b56b8931 7076469
c1e7498bf9ed705fbe78c24193c576adb8a23e96 3222445
c3eb5576286dd5f3bbfd66dc7ac3342484b89c31 1167369
ca25dc15d2958037eaff810bb7e9d5b228b872a5 9223614
cc62baf21b655773ccfc17a08a6bb75b7f87a1b6 7085215
cc89cce216330161ecc130fc9c71d44e2c952d06 841293
cd9160c94e62cd58f54d8c028353b7087f8f7f73 5170873
cd9b7343c3a38b22e3a2d067cacee2697046e8e5 9252277
ce58b0c6fe7f6e2771a242664fe16e44f9189e45 8644208
d7641be015b7ac5fb0b574eb5167cacab84e8d6d 9266336
ea8ab1e2d8bac9e72babbf50dc6eb3885dde0f21 5097192
ece9339a353a18c63f906952ef4f391becb4a76d 234128
f294de1165d00fe497bbf89ff86aa5988239718c 6786752
END BLOCK
BEGIN BLOCK
BEGIN HEADER
Hash of previous header: 0
Merkle root: edfbd451f9929b49ee03fbbf5473d3abfc363de30f603b559d4657417c9003bb
Timestamp: 1760577677
Difficulty target: 7fffffffffffffffffffffffffffffffffffffffffffffffffffffffffffffff
Nonce: 79237952892865498526805470984513065138113649313011078316970946963427172779628
END HEADER
0721ec0775a4185ada61ce2329dc943a36de762c 655931
074bad4e1d1b0166b2a1961cf95c4fcff0befb80 6945486
14d056a201bacd0285374b1e45278fbd9c0089fd 2533695
1cbad0c5dc235f3676e04f2a93816d2c929f0613 5352263
2a549a4434f773cc31aedaac0123bd703abe3711 5080824
31836cd909f64e5958286b5b53c8acfbc9a4b775 2384325
3e1de93498ce424f24c2df7d201875dd81d1c597 2848924
41dfcd9c0c77413d97f0019f33aef21c8d081334 8570866
422c5a95d298dfe2161ab84764a69947d331a151 3132953
44f45b6c2d7dfea439c800f24903709d84f52237 5926199
450ef05525ae9359bfba5dd70032f359c08d88ae 6991051
5473be21daf543de6229e069da90fc9ab4877b23 6839472
5e030dfe0fd8ae2bbbddd0928e93416ecdc8e5ec 5185453
620efb24dff7e049a313f090af950ba4b274d3e4 559703
643139a099e345088b09c49f2205a48918a44f0d 3244894
6607d4ce7d6a5696ba018d2db354b5419301b047 889045
6d4b4aa80161b71f3e748c14945856f2e3788ec8 3033452
6f51391ec5708bb4f7ef0526274ac7f80a22ed3e 1034183
72747ad87f12eecd4275ae49494f7fbf6bf855eb 5452139
7fe05120b60e2bba649fe27ff5712c6f33e4427d 6742598
8eac0d71316369280eaa27e56f9c11b9cd5dc3eb 6008126
91fc3efe807b7b6ffa714d6166a977c1a4605889 5155582
944260b3486022370cd562c1ba584b3d2c4b4ff2 322007
9570e1103cdc1b56552db5479f7a5d1a5a492983 7218663
a2c085f07a95c010683cbaee1802c5c9bf9065e1 4336928
a47b7dc3d9c3e8ac1cb6ee7bd9d1fbf5bc412b9c 1266309
af3430888f70ea57e6d0bcb7654ca5f1ca3e3390 6732487
bf082d3eede41e11a8f347a74ae0f619b56b8931 7076469
c1e7498bf9ed705fbe78c24193c576adb8a23e96 3222445
c3eb5576286dd5f3bbfd66dc7ac3342484b89c31 1167369
ca25dc15d2958037eaff810bb7e9d5b228b872a5 9223614
cc62baf21b655773ccfc17a08a6bb75b7f87a1b6 7085215
cc89cce216330161ecc130fc9c71d44e2c952d06 841293
cd9160c94e62cd58f54d8c028353b7087f8f7f73 5170873
cd9b7343c3a38b22e3a2d067cacee2697046e8e5 9252277
ce58b0c6fe7f6e2771a242664fe16e44f9189e45 8644208
d7641be015b7ac5fb0b574eb5167cacab84e8d6d 9266336
ea8ab1e2d8bac9e72babbf50dc6eb3885dde0f21 5097192
ece9339a353a18c63f906952ef4f391becb4a76d 234128
f294de1165d00fe497bbf89ff86aa5988239718c 6786752
END BLOCK
